<?xml version="1.0" encoding="UTF-8"?>
<testsuite xmlns:xsi="http://www.w3.org/2001/XMLSchema-instance" xsi:noNamespaceSchemaLocation="https://maven.apache.org/surefire/maven-surefire-plugin/xsd/surefire-test-report.xsd" name="es.uniovi.asw.SimpleTests" time="11.082" tests="4" errors="0" skipped="0" failures="0">
  <properties>
[...]
</properties>
  <testcase name="landingPageTest" classname="es.uniovi.asw.SimpleTests" time="8.034"/>
  <testcase name="SearchTest" classname="es.uniovi.asw.SimpleTests" time="0.125"/>
  <testcase name="SortTest" classname="es.uniovi.asw.SimpleTests" time="0.297"/>
  <testcase name="SearchErrorTest" classname="es.uniovi.asw.SimpleTests" time="0.015"/>
</testsuite>